2023-07-28 08:59:34.378 [info] Log level: Info
2023-07-28 08:59:34.378 [info] Validating found git in: "git"
2023-07-28 08:59:34.378 [info] Using git "2.40.1" from "git"
2023-07-28 08:59:34.378 [info] > git rev-parse --show-toplevel [71ms]
2023-07-28 08:59:34.378 [info] fatal: not a git repository (or any of the parent directories): .git
2023-07-28 08:59:34.378 [info] > git rev-parse --show-toplevel [2ms]
2023-07-28 08:59:34.378 [info] fatal: not a git repository (or any of the parent directories): .git
2023-07-28 08:59:34.378 [info] > git rev-parse --show-toplevel [1ms]
2023-07-28 08:59:34.378 [info] fatal: not a git repository (or any of the parent directories): .git
2023-07-28 08:59:34.378 [info] > git rev-parse --show-toplevel [2ms]
2023-07-28 08:59:34.378 [info] fatal: not a git repository (or any of the parent directories): .git
2023-07-28 08:59:34.378 [info] > git rev-parse --show-toplevel [1ms]
2023-07-28 08:59:34.378 [info] fatal: not a git repository (or any of the parent directories): .git
2023-07-28 08:59:34.378 [info] > git rev-parse --show-toplevel [2ms]
2023-07-28 08:59:34.378 [info] fatal: not a git repository (or any of the parent directories): .git
2023-07-28 08:59:34.378 [info] > git rev-parse --show-toplevel [1ms]
2023-07-28 08:59:34.378 [info] fatal: not a git repository (or any of the parent directories): .git
2023-07-28 08:59:34.378 [info] > git rev-parse --show-toplevel [2ms]
2023-07-28 08:59:34.378 [info] fatal: not a git repository (or any of the parent directories): .git
2023-07-28 08:59:34.378 [info] > git rev-parse --show-toplevel [2ms]
2023-07-28 08:59:34.378 [info] fatal: not a git repository (or any of the parent directories): .git
2023-07-28 08:59:34.378 [info] > git rev-parse --show-toplevel [2ms]
2023-07-28 08:59:34.378 [info] fatal: not a git repository (or any of the parent directories): .git
2023-07-28 08:59:34.378 [info] > git rev-parse --show-toplevel [1ms]
2023-07-28 08:59:34.378 [info] fatal: not a git repository (or any of the parent directories): .git
2023-07-28 08:59:34.378 [info] > git rev-parse --show-toplevel [2ms]
2023-07-28 08:59:34.378 [info] fatal: not a git repository (or any of the parent directories): .git
2023-07-28 08:59:49.414 [info] > git rev-parse --show-toplevel [116ms]
2023-07-28 08:59:49.415 [info] fatal: not a git repository (or any of the parent directories): .git
