2023-07-19 14:18:19.925 [info] Log level: Info
2023-07-19 14:18:19.925 [info] Validating found git in: "git"
2023-07-19 14:18:19.925 [info] Using git "2.40.1" from "git"
2023-07-19 14:18:19.925 [info] > git rev-parse --show-toplevel [27ms]
2023-07-19 14:18:19.925 [info] fatal: not a git repository (or any of the parent directories): .git
2023-07-19 14:18:19.925 [info] > git rev-parse --show-toplevel [2ms]
2023-07-19 14:18:19.926 [info] fatal: not a git repository (or any of the parent directories): .git
2023-07-19 14:18:19.926 [info] > git rev-parse --show-toplevel [2ms]
2023-07-19 14:18:19.926 [info] fatal: not a git repository (or any of the parent directories): .git
2023-07-19 14:18:19.926 [info] > git rev-parse --show-toplevel [4ms]
2023-07-19 14:18:19.926 [info] fatal: not a git repository (or any of the parent directories): .git
2023-07-19 14:18:19.927 [info] > git rev-parse --show-toplevel [2ms]
2023-07-19 14:18:19.927 [info] fatal: not a git repository (or any of the parent directories): .git
2023-07-19 14:18:19.933 [info] > git rev-parse --show-toplevel [1ms]
2023-07-19 14:18:19.933 [info] fatal: not a git repository (or any of the parent directories): .git
2023-07-19 14:18:19.939 [info] > git rev-parse --show-toplevel [1ms]
2023-07-19 14:18:19.939 [info] fatal: not a git repository (or any of the parent directories): .git
2023-07-19 14:18:19.946 [info] > git rev-parse --show-toplevel [2ms]
2023-07-19 14:18:19.946 [info] fatal: not a git repository (or any of the parent directories): .git
2023-07-19 14:18:19.954 [info] > git rev-parse --show-toplevel [3ms]
2023-07-19 14:18:19.954 [info] fatal: not a git repository (or any of the parent directories): .git
2023-07-19 14:18:19.968 [info] > git rev-parse --show-toplevel [10ms]
2023-07-19 14:18:19.968 [info] fatal: not a git repository (or any of the parent directories): .git
2023-07-19 14:18:19.983 [info] > git rev-parse --show-toplevel [9ms]
2023-07-19 14:18:19.983 [info] fatal: not a git repository (or any of the parent directories): .git
2023-07-19 14:18:19.991 [info] > git rev-parse --show-toplevel [3ms]
2023-07-19 14:18:19.991 [info] fatal: not a git repository (or any of the parent directories): .git
