2023-07-28 09:00:55.726 [info] Log level: Info
2023-07-28 09:00:55.726 [info] Validating found git in: "git"
2023-07-28 09:00:55.727 [info] Using git "2.40.1" from "git"
2023-07-28 09:00:55.727 [info] > git rev-parse --show-toplevel [68ms]
2023-07-28 09:00:55.727 [info] fatal: not a git repository (or any of the parent directories): .git
2023-07-28 09:00:55.727 [info] > git rev-parse --show-toplevel [3ms]
2023-07-28 09:00:55.727 [info] fatal: not a git repository (or any of the parent directories): .git
2023-07-28 09:00:55.727 [info] > git rev-parse --show-toplevel [2ms]
2023-07-28 09:00:55.728 [info] fatal: not a git repository (or any of the parent directories): .git
2023-07-28 09:00:55.728 [info] > git rev-parse --show-toplevel [2ms]
2023-07-28 09:00:55.728 [info] fatal: not a git repository (or any of the parent directories): .git
2023-07-28 09:00:55.728 [info] > git rev-parse --show-toplevel [2ms]
2023-07-28 09:00:55.728 [info] fatal: not a git repository (or any of the parent directories): .git
2023-07-28 09:00:55.728 [info] > git rev-parse --show-toplevel [2ms]
2023-07-28 09:00:55.728 [info] fatal: not a git repository (or any of the parent directories): .git
2023-07-28 09:00:55.729 [info] > git rev-parse --show-toplevel [4ms]
2023-07-28 09:00:55.729 [info] fatal: not a git repository (or any of the parent directories): .git
2023-07-28 09:00:55.729 [info] > git rev-parse --show-toplevel [4ms]
2023-07-28 09:00:55.729 [info] fatal: not a git repository (or any of the parent directories): .git
2023-07-28 09:00:55.730 [info] > git rev-parse --show-toplevel [5ms]
2023-07-28 09:00:55.730 [info] fatal: not a git repository (or any of the parent directories): .git
2023-07-28 09:00:55.730 [info] > git rev-parse --show-toplevel [9ms]
2023-07-28 09:00:55.730 [info] fatal: not a git repository (or any of the parent directories): .git
2023-07-28 09:00:55.749 [info] > git rev-parse --show-toplevel [25ms]
2023-07-28 09:00:55.749 [info] fatal: not a git repository (or any of the parent directories): .git
2023-07-28 09:00:55.803 [info] > git rev-parse --show-toplevel [45ms]
2023-07-28 09:00:55.803 [info] fatal: not a git repository (or any of the parent directories): .git
2023-07-28 09:00:55.821 [info] > git rev-parse --show-toplevel [8ms]
2023-07-28 09:00:55.821 [info] fatal: not a git repository (or any of the parent directories): .git
2023-07-28 09:00:55.832 [info] > git rev-parse --show-toplevel [2ms]
2023-07-28 09:00:55.832 [info] fatal: not a git repository (or any of the parent directories): .git
2023-07-28 09:00:55.843 [info] > git rev-parse --show-toplevel [3ms]
2023-07-28 09:00:55.844 [info] fatal: not a git repository (or any of the parent directories): .git
2023-07-28 09:00:55.854 [info] > git rev-parse --show-toplevel [3ms]
2023-07-28 09:00:55.854 [info] fatal: not a git repository (or any of the parent directories): .git
2023-07-28 09:00:55.866 [info] > git rev-parse --show-toplevel [3ms]
2023-07-28 09:00:55.866 [info] fatal: not a git repository (or any of the parent directories): .git
2023-07-28 09:00:55.876 [info] > git rev-parse --show-toplevel [2ms]
2023-07-28 09:00:55.876 [info] fatal: not a git repository (or any of the parent directories): .git
2023-07-28 09:00:55.885 [info] > git rev-parse --show-toplevel [1ms]
2023-07-28 09:00:55.886 [info] fatal: not a git repository (or any of the parent directories): .git
2023-07-28 09:00:55.897 [info] > git rev-parse --show-toplevel [2ms]
2023-07-28 09:00:55.897 [info] fatal: not a git repository (or any of the parent directories): .git
2023-07-28 09:00:55.930 [info] > git rev-parse --show-toplevel [26ms]
2023-07-28 09:00:55.930 [info] fatal: not a git repository (or any of the parent directories): .git
2023-07-28 09:00:55.955 [info] > git rev-parse --show-toplevel [18ms]
2023-07-28 09:00:55.955 [info] fatal: not a git repository (or any of the parent directories): .git
2023-07-28 09:00:55.963 [info] > git rev-parse --show-toplevel [2ms]
2023-07-28 09:00:55.963 [info] fatal: not a git repository (or any of the parent directories): .git
2023-07-28 09:00:55.971 [info] > git rev-parse --show-toplevel [1ms]
2023-07-28 09:00:55.972 [info] fatal: not a git repository (or any of the parent directories): .git
2023-07-28 09:00:55.979 [info] > git rev-parse --show-toplevel [1ms]
2023-07-28 09:00:55.979 [info] fatal: not a git repository (or any of the parent directories): .git
2023-07-28 09:00:55.986 [info] > git rev-parse --show-toplevel [1ms]
2023-07-28 09:00:55.986 [info] fatal: not a git repository (or any of the parent directories): .git
2023-07-28 09:01:12.356 [info] > git rev-parse --show-toplevel [136ms]
2023-07-28 09:01:12.357 [info] fatal: not a git repository (or any of the parent directories): .git
