[16-Jul-2023 01:17:33 Europe/Berlin] [CPANELICSIMPORT: Touch file /home/warceu/.cpanel/icals/.cpanel_ics_import_center@warceuproject.dev exists for center@warceuproject.dev and cpanel_run_once is true, exiting]
[16-Jul-2023 01:17:33 Europe/Berlin] [CPANELVCFIMPORT: Touch file /home/warceu/.cpanel/vcards/.cpanel_vcf_import_center@warceuproject.dev exists for center@warceuproject.dev and cpanel_run_once is true, exiting]
[16-Jul-2023 01:40:21 Europe/Berlin] [CPANELICSIMPORT: Touch file /home/warceu/.cpanel/icals/.cpanel_ics_import_center@warceuproject.dev exists for center@warceuproject.dev and cpanel_run_once is true, exiting]
[16-Jul-2023 01:40:21 Europe/Berlin] [CPANELVCFIMPORT: Touch file /home/warceu/.cpanel/vcards/.cpanel_vcf_import_center@warceuproject.dev exists for center@warceuproject.dev and cpanel_run_once is true, exiting]
[17-Jul-2023 14:57:13 Europe/Berlin] [CPANELICSIMPORT: Touch file /home/warceu/.cpanel/icals/.cpanel_ics_import_center@warceuproject.dev exists for center@warceuproject.dev and cpanel_run_once is true, exiting]
[17-Jul-2023 14:57:13 Europe/Berlin] [CPANELVCFIMPORT: Touch file /home/warceu/.cpanel/vcards/.cpanel_vcf_import_center@warceuproject.dev exists for center@warceuproject.dev and cpanel_run_once is true, exiting]
[17-Jul-2023 15:09:41 Europe/Berlin] [CPANELICSIMPORT: Touch file /home/warceu/.cpanel/icals/.cpanel_ics_import_center@warceuproject.dev exists for center@warceuproject.dev and cpanel_run_once is true, exiting]
[17-Jul-2023 15:09:41 Europe/Berlin] [CPANELVCFIMPORT: Touch file /home/warceu/.cpanel/vcards/.cpanel_vcf_import_center@warceuproject.dev exists for center@warceuproject.dev and cpanel_run_once is true, exiting]
[17-Jul-2023 15:09:51 Europe/Berlin] PHP Deprecated:  preg_match(): Passing null to parameter #2 ($subject) of type string is deprecated in /usr/local/cpanel/base/3rdparty/roundcube/program/lib/Roundcube/bootstrap.php on line 155
[17-Jul-2023 15:09:51 Europe/Berlin] PHP Deprecated:  preg_match(): Passing null to parameter #2 ($subject) of type string is deprecated in /usr/local/cpanel/base/3rdparty/roundcube/program/lib/Roundcube/bootstrap.php on line 155
[21-Jul-2023 13:16:54 Europe/Berlin] [CPANELICSIMPORT: Touch file /home/warceu/.cpanel/icals/.cpanel_ics_import_center@warceuproject.dev exists for center@warceuproject.dev and cpanel_run_once is true, exiting]
[21-Jul-2023 13:16:54 Europe/Berlin] [CPANELVCFIMPORT: Touch file /home/warceu/.cpanel/vcards/.cpanel_vcf_import_center@warceuproject.dev exists for center@warceuproject.dev and cpanel_run_once is true, exiting]
[21-Jul-2023 15:10:08 Europe/Berlin] [CPANELICSIMPORT: Touch file /home/warceu/.cpanel/icals/.cpanel_ics_import_warceu exists for warceu and cpanel_run_once is true, exiting]
[21-Jul-2023 15:10:08 Europe/Berlin] [CPANELVCFIMPORT: Touch file /home/warceu/.cpanel/vcards/.cpanel_vcf_import_warceu exists for warceu and cpanel_run_once is true, exiting]
[21-Jul-2023 15:11:00 Europe/Berlin] [CPANELICSIMPORT: Touch file /home/warceu/.cpanel/icals/.cpanel_ics_import_center@warceuproject.dev exists for center@warceuproject.dev and cpanel_run_once is true, exiting]
[21-Jul-2023 15:11:00 Europe/Berlin] [CPANELVCFIMPORT: Touch file /home/warceu/.cpanel/vcards/.cpanel_vcf_import_center@warceuproject.dev exists for center@warceuproject.dev and cpanel_run_once is true, exiting]
[26-Jul-2023 14:26:47 Europe/Berlin] [CPANELICSIMPORT: Touch file /home/warceu/.cpanel/icals/.cpanel_ics_import_warceu exists for warceu and cpanel_run_once is true, exiting]
[26-Jul-2023 14:26:47 Europe/Berlin] [CPANELVCFIMPORT: Touch file /home/warceu/.cpanel/vcards/.cpanel_vcf_import_warceu exists for warceu and cpanel_run_once is true, exiting]
[26-Jul-2023 14:34:22 Europe/Berlin] [CPANELICSIMPORT: Touch file created for ltxid@server.warceuproject.dev]
[26-Jul-2023 14:34:22 Europe/Berlin] PHP Warning:  filesize(): stat failed for /home/warceu/.cpanel/icals/ltxid@server.warceuproject.dev.ics in /usr/local/cpanel/base/3rdparty/roundcube/plugins/cpanelicsimport/cpanelicsimport.php on line 102
[26-Jul-2023 14:34:22 Europe/Berlin] [CPANELVCFIMPORT: Touch file created for ltxid@server.warceuproject.dev]
[26-Jul-2023 14:34:22 Europe/Berlin] PHP Warning:  filesize(): stat failed for /home/warceu/.cpanel/vcards/ltxid@server.warceuproject.dev.vcf in /usr/local/cpanel/base/3rdparty/roundcube/plugins/cpanelvcfimport/cpanelvcfimport.php on line 81
[26-Jul-2023 14:34:44 Europe/Berlin] PHP Deprecated:  preg_match(): Passing null to parameter #2 ($subject) of type string is deprecated in /usr/local/cpanel/base/3rdparty/roundcube/program/lib/Roundcube/bootstrap.php on line 155
[26-Jul-2023 14:34:44 Europe/Berlin] PHP Deprecated:  preg_match(): Passing null to parameter #2 ($subject) of type string is deprecated in /usr/local/cpanel/base/3rdparty/roundcube/program/lib/Roundcube/bootstrap.php on line 155
[26-Jul-2023 16:51:36 Europe/Berlin] [CPANELICSIMPORT: Touch file /home/warceu/.cpanel/icals/.cpanel_ics_import_warceu exists for warceu and cpanel_run_once is true, exiting]
[26-Jul-2023 16:51:36 Europe/Berlin] [CPANELVCFIMPORT: Touch file /home/warceu/.cpanel/vcards/.cpanel_vcf_import_warceu exists for warceu and cpanel_run_once is true, exiting]
[26-Jul-2023 16:51:57 Europe/Berlin] PHP Deprecated:  preg_match(): Passing null to parameter #2 ($subject) of type string is deprecated in /usr/local/cpanel/base/3rdparty/roundcube/program/lib/Roundcube/bootstrap.php on line 155
[26-Jul-2023 16:51:57 Europe/Berlin] PHP Deprecated:  preg_match(): Passing null to parameter #2 ($subject) of type string is deprecated in /usr/local/cpanel/base/3rdparty/roundcube/program/lib/Roundcube/bootstrap.php on line 155
[26-Jul-2023 16:53:02 Europe/Berlin] [CPANELICSIMPORT: Touch file /home/warceu/.cpanel/icals/.cpanel_ics_import_ltxid@server.warceuproject.dev exists for ltxid@server.warceuproject.dev and cpanel_run_once is true, exiting]
[26-Jul-2023 16:53:02 Europe/Berlin] [CPANELVCFIMPORT: Touch file /home/warceu/.cpanel/vcards/.cpanel_vcf_import_ltxid@server.warceuproject.dev exists for ltxid@server.warceuproject.dev and cpanel_run_once is true, exiting]
[27-Jul-2023 13:43:56 Europe/Berlin] [CPANELICSIMPORT: Touch file /home/warceu/.cpanel/icals/.cpanel_ics_import_ltxid@server.warceuproject.dev exists for ltxid@server.warceuproject.dev and cpanel_run_once is true, exiting]
[27-Jul-2023 13:43:56 Europe/Berlin] [CPANELVCFIMPORT: Touch file /home/warceu/.cpanel/vcards/.cpanel_vcf_import_ltxid@server.warceuproject.dev exists for ltxid@server.warceuproject.dev and cpanel_run_once is true, exiting]
[27-Jul-2023 21:04:29 Europe/Berlin] [CPANELICSIMPORT: Touch file /home/warceu/.cpanel/icals/.cpanel_ics_import_center@warceuproject.dev exists for center@warceuproject.dev and cpanel_run_once is true, exiting]
[27-Jul-2023 21:04:29 Europe/Berlin] [CPANELVCFIMPORT: Touch file /home/warceu/.cpanel/vcards/.cpanel_vcf_import_center@warceuproject.dev exists for center@warceuproject.dev and cpanel_run_once is true, exiting]
[29-Jul-2023 19:21:48 Europe/Berlin] [CPANELICSIMPORT: Touch file /home/warceu/.cpanel/icals/.cpanel_ics_import_ltxid@server.warceuproject.dev exists for ltxid@server.warceuproject.dev and cpanel_run_once is true, exiting]
[29-Jul-2023 19:21:48 Europe/Berlin] [CPANELVCFIMPORT: Touch file /home/warceu/.cpanel/vcards/.cpanel_vcf_import_ltxid@server.warceuproject.dev exists for ltxid@server.warceuproject.dev and cpanel_run_once is true, exiting]
[29-Jul-2023 19:23:14 Europe/Berlin] [CPANELICSIMPORT: Touch file created for webmaster@warceuproject.dev]
[29-Jul-2023 19:23:14 Europe/Berlin] PHP Warning:  filesize(): stat failed for /home/warceu/.cpanel/icals/webmaster@warceuproject.dev.ics in /usr/local/cpanel/base/3rdparty/roundcube/plugins/cpanelicsimport/cpanelicsimport.php on line 102
[29-Jul-2023 19:23:14 Europe/Berlin] [CPANELVCFIMPORT: Touch file created for webmaster@warceuproject.dev]
[29-Jul-2023 19:23:14 Europe/Berlin] PHP Warning:  filesize(): stat failed for /home/warceu/.cpanel/vcards/webmaster@warceuproject.dev.vcf in /usr/local/cpanel/base/3rdparty/roundcube/plugins/cpanelvcfimport/cpanelvcfimport.php on line 81
[29-Jul-2023 19:26:10 Europe/Berlin] [CPANELICSIMPORT: Touch file /home/warceu/.cpanel/icals/.cpanel_ics_import_webmaster@warceuproject.dev exists for webmaster@warceuproject.dev and cpanel_run_once is true, exiting]
[29-Jul-2023 19:26:10 Europe/Berlin] [CPANELVCFIMPORT: Touch file /home/warceu/.cpanel/vcards/.cpanel_vcf_import_webmaster@warceuproject.dev exists for webmaster@warceuproject.dev and cpanel_run_once is true, exiting]
[29-Jul-2023 19:41:27 Europe/Berlin] [CPANELICSIMPORT: Touch file /home/warceu/.cpanel/icals/.cpanel_ics_import_webmaster@warceuproject.dev exists for webmaster@warceuproject.dev and cpanel_run_once is true, exiting]
[29-Jul-2023 19:41:27 Europe/Berlin] [CPANELVCFIMPORT: Touch file /home/warceu/.cpanel/vcards/.cpanel_vcf_import_webmaster@warceuproject.dev exists for webmaster@warceuproject.dev and cpanel_run_once is true, exiting]
