2023-07-19 14:19:36.451 [info] Log level: Info
2023-07-19 14:19:36.451 [info] Validating found git in: "git"
2023-07-19 14:19:36.451 [info] Using git "2.40.1" from "git"
2023-07-19 14:19:36.451 [info] > git rev-parse --show-toplevel [49ms]
2023-07-19 14:19:36.452 [info] fatal: not a git repository (or any of the parent directories): .git
2023-07-19 14:19:36.452 [info] > git rev-parse --show-toplevel [2ms]
2023-07-19 14:19:36.452 [info] fatal: not a git repository (or any of the parent directories): .git
2023-07-19 14:19:36.452 [info] > git rev-parse --show-toplevel [1ms]
2023-07-19 14:19:36.452 [info] fatal: not a git repository (or any of the parent directories): .git
2023-07-19 14:19:36.452 [info] > git rev-parse --show-toplevel [1ms]
2023-07-19 14:19:36.452 [info] fatal: not a git repository (or any of the parent directories): .git
2023-07-19 14:19:36.453 [info] > git rev-parse --show-toplevel [2ms]
2023-07-19 14:19:36.453 [info] fatal: not a git repository (or any of the parent directories): .git
2023-07-19 14:19:36.453 [info] > git rev-parse --show-toplevel [1ms]
2023-07-19 14:19:36.453 [info] fatal: not a git repository (or any of the parent directories): .git
2023-07-19 14:19:36.453 [info] > git rev-parse --show-toplevel [3ms]
2023-07-19 14:19:36.454 [info] fatal: not a git repository (or any of the parent directories): .git
2023-07-19 14:19:36.454 [info] > git rev-parse --show-toplevel [2ms]
2023-07-19 14:19:36.454 [info] fatal: not a git repository (or any of the parent directories): .git
2023-07-19 14:19:36.454 [info] > git rev-parse --show-toplevel [1ms]
2023-07-19 14:19:36.454 [info] fatal: not a git repository (or any of the parent directories): .git
2023-07-19 14:19:36.454 [info] > git rev-parse --show-toplevel [1ms]
2023-07-19 14:19:36.455 [info] fatal: not a git repository (or any of the parent directories): .git
2023-07-19 14:19:36.455 [info] > git rev-parse --show-toplevel [2ms]
2023-07-19 14:19:36.455 [info] fatal: not a git repository (or any of the parent directories): .git
2023-07-19 14:19:36.455 [info] > git rev-parse --show-toplevel [2ms]
2023-07-19 14:19:36.455 [info] fatal: not a git repository (or any of the parent directories): .git
2023-07-19 14:19:36.455 [info] > git rev-parse --show-toplevel [1ms]
2023-07-19 14:19:36.455 [info] fatal: not a git repository (or any of the parent directories): .git
2023-07-19 14:19:36.455 [info] > git rev-parse --show-toplevel [2ms]
2023-07-19 14:19:36.456 [info] fatal: not a git repository (or any of the parent directories): .git
2023-07-19 14:19:36.456 [info] > git rev-parse --show-toplevel [1ms]
2023-07-19 14:19:36.456 [info] fatal: not a git repository (or any of the parent directories): .git
2023-07-19 14:19:36.456 [info] > git rev-parse --show-toplevel [2ms]
2023-07-19 14:19:36.457 [info] fatal: not a git repository (or any of the parent directories): .git
2023-07-19 14:19:36.457 [info] > git rev-parse --show-toplevel [3ms]
2023-07-19 14:19:36.457 [info] fatal: not a git repository (or any of the parent directories): .git
2023-07-19 14:19:36.457 [info] > git rev-parse --show-toplevel [2ms]
2023-07-19 14:19:36.457 [info] fatal: not a git repository (or any of the parent directories): .git
2023-07-19 14:19:36.458 [info] > git rev-parse --show-toplevel [1ms]
2023-07-19 14:19:36.458 [info] fatal: not a git repository (or any of the parent directories): .git
2023-07-19 14:19:36.458 [info] > git rev-parse --show-toplevel [1ms]
2023-07-19 14:19:36.458 [info] fatal: not a git repository (or any of the parent directories): .git
2023-07-19 14:19:36.458 [info] > git rev-parse --show-toplevel [5ms]
2023-07-19 14:19:36.458 [info] fatal: not a git repository (or any of the parent directories): .git
2023-07-19 14:19:36.458 [info] > git rev-parse --show-toplevel [2ms]
2023-07-19 14:19:36.458 [info] fatal: not a git repository (or any of the parent directories): .git
2023-07-19 14:19:36.458 [info] > git rev-parse --show-toplevel [1ms]
2023-07-19 14:19:36.458 [info] fatal: not a git repository (or any of the parent directories): .git
2023-07-19 14:19:36.458 [info] > git rev-parse --show-toplevel [1ms]
2023-07-19 14:19:36.458 [info] fatal: not a git repository (or any of the parent directories): .git
2023-07-19 14:20:24.600 [info] > git rev-parse --show-toplevel [48ms]
2023-07-19 14:20:24.600 [info] fatal: not a git repository (or any of the parent directories): .git
2023-07-19 14:23:46.368 [info] > git rev-parse --show-toplevel [23ms]
2023-07-19 14:23:46.369 [info] fatal: not a git repository (or any of the parent directories): .git
